[debug] [2025-01-19T15:06:31.079Z] ----------------------------------------------------------------------
[debug] [2025-01-19T15:06:31.081Z] Command:       /opt/homebrew/Cellar/node/19.9.0/bin/node /opt/homebrew/bin/firebase deploy --only functions
[debug] [2025-01-19T15:06:31.082Z] CLI Version:   13.25.0
[debug] [2025-01-19T15:06:31.082Z] Platform:      darwin
[debug] [2025-01-19T15:06:31.082Z] Node Version:  v19.9.0
[debug] [2025-01-19T15:06:31.082Z] Time:          Mon Jan 20 2025 00:06:31 GMT+0900 (대한민국 표준시)
[debug] [2025-01-19T15:06:31.082Z] ----------------------------------------------------------------------
[debug] 
[debug] [2025-01-19T15:06:31.118Z] > command requires scopes: ["email","openid","https://www.googleapis.com/auth/cloudplatformprojects.readonly","https://www.googleapis.com/auth/firebase","https://www.googleapis.com/auth/cloud-platform"]
[debug] [2025-01-19T15:06:31.118Z] > authorizing via signed-in user (letushyun@gmail.com)
[debug] [2025-01-19T15:06:31.118Z] [iam] checking project freshnote-6bee5 for permissions ["cloudfunctions.functions.create","cloudfunctions.functions.delete","cloudfunctions.functions.get","cloudfunctions.functions.list","cloudfunctions.functions.update","cloudfunctions.operations.get","firebase.projects.get"]
[debug] [2025-01-19T15:06:31.119Z] Checked if tokens are valid: true, expires at: 1737300951624
[debug] [2025-01-19T15:06:31.119Z] Checked if tokens are valid: true, expires at: 1737300951624
[debug] [2025-01-19T15:06:31.120Z] >>> [apiv2][query] POST https://cloudresourcemanager.googleapis.com/v1/projects/freshnote-6bee5:testIamPermissions [none]
[debug] [2025-01-19T15:06:31.120Z] >>> [apiv2][(partial)header] POST https://cloudresourcemanager.googleapis.com/v1/projects/freshnote-6bee5:testIamPermissions x-goog-quota-user=projects/freshnote-6bee5
[debug] [2025-01-19T15:06:31.120Z] >>> [apiv2][body] POST https://cloudresourcemanager.googleapis.com/v1/projects/freshnote-6bee5:testIamPermissions {"permissions":["cloudfunctions.functions.create","cloudfunctions.functions.delete","cloudfunctions.functions.get","cloudfunctions.functions.list","cloudfunctions.functions.update","cloudfunctions.operations.get","firebase.projects.get"]}
[debug] [2025-01-19T15:06:32.132Z] <<< [apiv2][status] POST https://cloudresourcemanager.googleapis.com/v1/projects/freshnote-6bee5:testIamPermissions 200
[debug] [2025-01-19T15:06:32.133Z] <<< [apiv2][body] POST https://cloudresourcemanager.googleapis.com/v1/projects/freshnote-6bee5:testIamPermissions {"permissions":["cloudfunctions.functions.create","cloudfunctions.functions.delete","cloudfunctions.functions.get","cloudfunctions.functions.list","cloudfunctions.functions.update","cloudfunctions.operations.get","firebase.projects.get"]}
[debug] [2025-01-19T15:06:32.134Z] Checked if tokens are valid: true, expires at: 1737300951624
[debug] [2025-01-19T15:06:32.135Z] Checked if tokens are valid: true, expires at: 1737300951624
[debug] [2025-01-19T15:06:32.135Z] >>> [apiv2][query] POST https://iam.googleapis.com/v1/projects/freshnote-6bee5/serviceAccounts/freshnote-6bee5@appspot.gserviceaccount.com:testIamPermissions [none]
[debug] [2025-01-19T15:06:32.135Z] >>> [apiv2][body] POST https://iam.googleapis.com/v1/projects/freshnote-6bee5/serviceAccounts/freshnote-6bee5@appspot.gserviceaccount.com:testIamPermissions {"permissions":["iam.serviceAccounts.actAs"]}
[debug] [2025-01-19T15:06:32.609Z] <<< [apiv2][status] POST https://iam.googleapis.com/v1/projects/freshnote-6bee5/serviceAccounts/freshnote-6bee5@appspot.gserviceaccount.com:testIamPermissions 200
[debug] [2025-01-19T15:06:32.609Z] <<< [apiv2][body] POST https://iam.googleapis.com/v1/projects/freshnote-6bee5/serviceAccounts/freshnote-6bee5@appspot.gserviceaccount.com:testIamPermissions {"permissions":["iam.serviceAccounts.actAs"]}
[info] 
[info] === Deploying to 'freshnote-6bee5'...
[info] 
[info] i  deploying functions 
[info] Running command: npm --prefix "$RESOURCE_DIR" run lint
[info] ✔  functions: Finished running predeploy script. 
[debug] [2025-01-19T15:06:33.200Z] Checked if tokens are valid: true, expires at: 1737300951624
[debug] [2025-01-19T15:06:33.200Z] Checked if tokens are valid: true, expires at: 1737300951624
[debug] [2025-01-19T15:06:33.201Z] >>> [apiv2][query] GET https://firebase.googleapis.com/v1beta1/projects/freshnote-6bee5 [none]
[debug] [2025-01-19T15:06:33.832Z] <<< [apiv2][status] GET https://firebase.googleapis.com/v1beta1/projects/freshnote-6bee5 200
[debug] [2025-01-19T15:06:33.832Z] <<< [apiv2][body] GET https://firebase.googleapis.com/v1beta1/projects/freshnote-6bee5 {"projectId":"freshnote-6bee5","projectNumber":"145087024032","displayName":"FreshNote","name":"projects/freshnote-6bee5","resources":{"hostingSite":"freshnote-6bee5","storageBucket":"freshnote-6bee5.appspot.com","locationId":"asia-northeast3"},"state":"ACTIVE","etag":"1_2123897b-3cc0-4b0d-a022-d02682a98b8a"}
[info] i  functions: preparing codebase default for deployment 
[info] i  functions: ensuring required API cloudfunctions.googleapis.com is enabled... 
[debug] [2025-01-19T15:06:33.836Z] Checked if tokens are valid: true, expires at: 1737300951624
[debug] [2025-01-19T15:06:33.836Z] Checked if tokens are valid: true, expires at: 1737300951624
[debug] [2025-01-19T15:06:33.836Z] Checked if tokens are valid: true, expires at: 1737300951624
[debug] [2025-01-19T15:06:33.836Z] Checked if tokens are valid: true, expires at: 1737300951624
[info] i  functions: ensuring required API cloudbuild.googleapis.com is enabled... 
[debug] [2025-01-19T15:06:33.837Z] Checked if tokens are valid: true, expires at: 1737300951624
[debug] [2025-01-19T15:06:33.837Z] Checked if tokens are valid: true, expires at: 1737300951624
[info] i  artifactregistry: ensuring required API artifactregistry.googleapis.com is enabled... 
[debug] [2025-01-19T15:06:33.837Z] Checked if tokens are valid: true, expires at: 1737300951624
[debug] [2025-01-19T15:06:33.837Z] Checked if tokens are valid: true, expires at: 1737300951624
[debug] [2025-01-19T15:06:33.838Z] >>> [apiv2][query] GET https://serviceusage.googleapis.com/v1/projects/freshnote-6bee5/services/cloudfunctions.googleapis.com [none]
[debug] [2025-01-19T15:06:33.838Z] >>> [apiv2][(partial)header] GET https://serviceusage.googleapis.com/v1/projects/freshnote-6bee5/services/cloudfunctions.googleapis.com x-goog-quota-user=projects/freshnote-6bee5
[debug] [2025-01-19T15:06:33.842Z] >>> [apiv2][query] GET https://serviceusage.googleapis.com/v1/projects/freshnote-6bee5/services/runtimeconfig.googleapis.com [none]
[debug] [2025-01-19T15:06:33.842Z] >>> [apiv2][(partial)header] GET https://serviceusage.googleapis.com/v1/projects/freshnote-6bee5/services/runtimeconfig.googleapis.com x-goog-quota-user=projects/freshnote-6bee5
[debug] [2025-01-19T15:06:33.843Z] >>> [apiv2][query] GET https://serviceusage.googleapis.com/v1/projects/freshnote-6bee5/services/cloudbuild.googleapis.com [none]
[debug] [2025-01-19T15:06:33.843Z] >>> [apiv2][(partial)header] GET https://serviceusage.googleapis.com/v1/projects/freshnote-6bee5/services/cloudbuild.googleapis.com x-goog-quota-user=projects/freshnote-6bee5
[debug] [2025-01-19T15:06:33.845Z] >>> [apiv2][query] GET https://serviceusage.googleapis.com/v1/projects/freshnote-6bee5/services/artifactregistry.googleapis.com [none]
[debug] [2025-01-19T15:06:33.845Z] >>> [apiv2][(partial)header] GET https://serviceusage.googleapis.com/v1/projects/freshnote-6bee5/services/artifactregistry.googleapis.com x-goog-quota-user=projects/freshnote-6bee5
[debug] [2025-01-19T15:06:35.032Z] <<< [apiv2][status] GET https://serviceusage.googleapis.com/v1/projects/freshnote-6bee5/services/runtimeconfig.googleapis.com 200
[debug] [2025-01-19T15:06:35.043Z] <<< [apiv2][body] GET https://serviceusage.googleapis.com/v1/projects/freshnote-6bee5/services/runtimeconfig.googleapis.com [omitted]
[debug] [2025-01-19T15:06:35.046Z] <<< [apiv2][status] GET https://serviceusage.googleapis.com/v1/projects/freshnote-6bee5/services/cloudfunctions.googleapis.com 200
[debug] [2025-01-19T15:06:35.046Z] <<< [apiv2][body] GET https://serviceusage.googleapis.com/v1/projects/freshnote-6bee5/services/cloudfunctions.googleapis.com [omitted]
[info] ✔  functions: required API cloudfunctions.googleapis.com is enabled 
[debug] [2025-01-19T15:06:35.062Z] <<< [apiv2][status] GET https://serviceusage.googleapis.com/v1/projects/freshnote-6bee5/services/artifactregistry.googleapis.com 200
[debug] [2025-01-19T15:06:35.062Z] <<< [apiv2][body] GET https://serviceusage.googleapis.com/v1/projects/freshnote-6bee5/services/artifactregistry.googleapis.com [omitted]
[info] ✔  artifactregistry: required API artifactregistry.googleapis.com is enabled 
[debug] [2025-01-19T15:06:35.084Z] <<< [apiv2][status] GET https://serviceusage.googleapis.com/v1/projects/freshnote-6bee5/services/cloudbuild.googleapis.com 200
[debug] [2025-01-19T15:06:35.084Z] <<< [apiv2][body] GET https://serviceusage.googleapis.com/v1/projects/freshnote-6bee5/services/cloudbuild.googleapis.com [omitted]
[info] ✔  functions: required API cloudbuild.googleapis.com is enabled 
[debug] [2025-01-19T15:06:35.085Z] Checked if tokens are valid: true, expires at: 1737300951624
[debug] [2025-01-19T15:06:35.085Z] Checked if tokens are valid: true, expires at: 1737300951624
[debug] [2025-01-19T15:06:35.085Z] >>> [apiv2][query] GET https://firebase.googleapis.com/v1beta1/projects/freshnote-6bee5/adminSdkConfig [none]
[debug] [2025-01-19T15:06:35.950Z] <<< [apiv2][status] GET https://firebase.googleapis.com/v1beta1/projects/freshnote-6bee5/adminSdkConfig 200
[debug] [2025-01-19T15:06:35.951Z] <<< [apiv2][body] GET https://firebase.googleapis.com/v1beta1/projects/freshnote-6bee5/adminSdkConfig {"projectId":"freshnote-6bee5","storageBucket":"freshnote-6bee5.appspot.com","locationId":"asia-northeast3"}
[debug] [2025-01-19T15:06:35.952Z] Checked if tokens are valid: true, expires at: 1737300951624
[debug] [2025-01-19T15:06:35.952Z] Checked if tokens are valid: true, expires at: 1737300951624
[debug] [2025-01-19T15:06:35.952Z] >>> [apiv2][query] GET https://runtimeconfig.googleapis.com/v1beta1/projects/freshnote-6bee5/configs [none]
[debug] [2025-01-19T15:06:36.423Z] <<< [apiv2][status] GET https://runtimeconfig.googleapis.com/v1beta1/projects/freshnote-6bee5/configs 200
[debug] [2025-01-19T15:06:36.424Z] <<< [apiv2][body] GET https://runtimeconfig.googleapis.com/v1beta1/projects/freshnote-6bee5/configs {}
[debug] [2025-01-19T15:06:36.426Z] Validating nodejs source
[debug] [2025-01-19T15:06:36.808Z] > [functions] package.json contents: {
  "name": "functions",
  "description": "Cloud Functions for Firebase",
  "scripts": {
    "lint": "eslint",
    "serve": "firebase emulators:start --only functions",
    "shell": "firebase functions:shell",
    "start": "npm run shell",
    "deploy": "firebase deploy --only functions",
    "logs": "firebase functions:log"
  },
  "engines": {
    "node": "18"
  },
  "main": "index.js",
  "dependencies": {
    "axios": "^1.7.9",
    "firebase-admin": "^12.6.0",
    "firebase-functions": "^6.0.1",
    "jsonwebtoken": "^9.0.2",
    "qs": "^6.14.0"
  },
  "devDependencies": {
    "eslint": "^8.15.0",
    "eslint-config-google": "^0.14.0",
    "firebase-functions-test": "^3.1.0"
  },
  "private": true
}
[debug] [2025-01-19T15:06:36.808Z] Building nodejs source
[info] i  functions: Loading and analyzing source code for codebase default to determine what to deploy 
[debug] [2025-01-19T15:06:36.809Z] Could not find functions.yaml. Must use http discovery
[debug] [2025-01-19T15:06:36.812Z] Found firebase-functions binary at '/Users/hyun2/Project/FreshNote/functions/node_modules/.bin/firebase-functions'
[info] Serving at port 8851

[debug] [2025-01-19T15:06:37.115Z] Got response from /__/functions.yaml {"endpoints":{"getRefreshToken":{"availableMemoryMb":null,"timeoutSeconds":null,"minInstances":null,"maxInstances":null,"ingressSettings":null,"concurrency":null,"serviceAccountEmail":null,"vpc":null,"platform":"gcfv2","labels":{},"httpsTrigger":{},"entryPoint":"getRefreshToken"},"revokeToken":{"availableMemoryMb":null,"timeoutSeconds":null,"minInstances":null,"maxInstances":null,"ingressSettings":null,"concurrency":null,"serviceAccountEmail":null,"vpc":null,"platform":"gcfv2","labels":{},"httpsTrigger":{},"entryPoint":"revokeToken"}},"specVersion":"v1alpha1","requiredAPIs":[],"extensions":{}}
[info] i  extensions: ensuring required API firebaseextensions.googleapis.com is enabled... 
[debug] [2025-01-19T15:06:42.154Z] Checked if tokens are valid: true, expires at: 1737300951624
[debug] [2025-01-19T15:06:42.155Z] Checked if tokens are valid: true, expires at: 1737300951624
[debug] [2025-01-19T15:06:42.155Z] >>> [apiv2][query] GET https://serviceusage.googleapis.com/v1/projects/freshnote-6bee5/services/firebaseextensions.googleapis.com [none]
[debug] [2025-01-19T15:06:42.155Z] >>> [apiv2][(partial)header] GET https://serviceusage.googleapis.com/v1/projects/freshnote-6bee5/services/firebaseextensions.googleapis.com x-goog-quota-user=projects/freshnote-6bee5
[debug] [2025-01-19T15:06:43.244Z] <<< [apiv2][status] GET https://serviceusage.googleapis.com/v1/projects/freshnote-6bee5/services/firebaseextensions.googleapis.com 200
[debug] [2025-01-19T15:06:43.244Z] <<< [apiv2][body] GET https://serviceusage.googleapis.com/v1/projects/freshnote-6bee5/services/firebaseextensions.googleapis.com [omitted]
[info] ✔  extensions: required API firebaseextensions.googleapis.com is enabled 
[debug] [2025-01-19T15:06:43.245Z] > command requires scopes: ["email","openid","https://www.googleapis.com/auth/cloudplatformprojects.readonly","https://www.googleapis.com/auth/firebase","https://www.googleapis.com/auth/cloud-platform"]
[debug] [2025-01-19T15:06:43.245Z] > authorizing via signed-in user (letushyun@gmail.com)
[debug] [2025-01-19T15:06:43.245Z] [iam] checking project freshnote-6bee5 for permissions ["firebase.projects.get","firebaseextensions.instances.list"]
[debug] [2025-01-19T15:06:43.246Z] Checked if tokens are valid: true, expires at: 1737300951624
[debug] [2025-01-19T15:06:43.246Z] Checked if tokens are valid: true, expires at: 1737300951624
[debug] [2025-01-19T15:06:43.246Z] >>> [apiv2][query] POST https://cloudresourcemanager.googleapis.com/v1/projects/freshnote-6bee5:testIamPermissions [none]
[debug] [2025-01-19T15:06:43.246Z] >>> [apiv2][(partial)header] POST https://cloudresourcemanager.googleapis.com/v1/projects/freshnote-6bee5:testIamPermissions x-goog-quota-user=projects/freshnote-6bee5
[debug] [2025-01-19T15:06:43.246Z] >>> [apiv2][body] POST https://cloudresourcemanager.googleapis.com/v1/projects/freshnote-6bee5:testIamPermissions {"permissions":["firebase.projects.get","firebaseextensions.instances.list"]}
[debug] [2025-01-19T15:06:44.008Z] <<< [apiv2][status] POST https://cloudresourcemanager.googleapis.com/v1/projects/freshnote-6bee5:testIamPermissions 200
[debug] [2025-01-19T15:06:44.009Z] <<< [apiv2][body] POST https://cloudresourcemanager.googleapis.com/v1/projects/freshnote-6bee5:testIamPermissions {"permissions":["firebase.projects.get","firebaseextensions.instances.list"]}
[debug] [2025-01-19T15:06:44.010Z] Checked if tokens are valid: true, expires at: 1737300951624
[debug] [2025-01-19T15:06:44.010Z] Checked if tokens are valid: true, expires at: 1737300951624
[debug] [2025-01-19T15:06:44.012Z] >>> [apiv2][query] GET https://firebaseextensions.googleapis.com/v1beta/projects/freshnote-6bee5/instances pageSize=100&pageToken=
[debug] [2025-01-19T15:06:45.022Z] <<< [apiv2][status] GET https://firebaseextensions.googleapis.com/v1beta/projects/freshnote-6bee5/instances 200
[debug] [2025-01-19T15:06:45.023Z] <<< [apiv2][body] GET https://firebaseextensions.googleapis.com/v1beta/projects/freshnote-6bee5/instances {}
[info] i  functions: preparing functions directory for uploading... 
[info] i  functions: packaged /Users/hyun2/Project/FreshNote/functions (73.15 KB) for uploading 
[debug] [2025-01-19T15:06:45.062Z] Checked if tokens are valid: true, expires at: 1737300951624
[debug] [2025-01-19T15:06:45.062Z] Checked if tokens are valid: true, expires at: 1737300951624
[debug] [2025-01-19T15:06:45.062Z] >>> [apiv2][query] GET https://cloudfunctions.googleapis.com/v1/projects/freshnote-6bee5/locations/-/functions [none]
[debug] [2025-01-19T15:06:46.088Z] <<< [apiv2][status] GET https://cloudfunctions.googleapis.com/v1/projects/freshnote-6bee5/locations/-/functions 200
[debug] [2025-01-19T15:06:46.089Z] <<< [apiv2][body] GET https://cloudfunctions.googleapis.com/v1/projects/freshnote-6bee5/locations/-/functions {}
[debug] [2025-01-19T15:06:46.091Z] Checked if tokens are valid: true, expires at: 1737300951624
[debug] [2025-01-19T15:06:46.091Z] Checked if tokens are valid: true, expires at: 1737300951624
[debug] [2025-01-19T15:06:46.092Z] >>> [apiv2][query] GET https://cloudfunctions.googleapis.com/v2/projects/freshnote-6bee5/locations/-/functions filter=environment%3D%22GEN_2%22
[debug] [2025-01-19T15:06:47.518Z] <<< [apiv2][status] GET https://cloudfunctions.googleapis.com/v2/projects/freshnote-6bee5/locations/-/functions 200
[debug] [2025-01-19T15:06:47.519Z] <<< [apiv2][body] GET https://cloudfunctions.googleapis.com/v2/projects/freshnote-6bee5/locations/-/functions {"functions":[{"name":"projects/freshnote-6bee5/locations/us-central1/functions/getRefreshToken","buildConfig":{"build":"projects/145087024032/locations/us-central1/builds/af80b96e-1285-4e75-ae2b-87320260056a","runtime":"nodejs18","entryPoint":"getRefreshToken","source":{"storageSource":{"bucket":"gcf-v2-sources-145087024032-us-central1","object":"getRefreshToken/function-source.zip","generation":"1737299094991608"}},"environmentVariables":{"GOOGLE_NODE_RUN_SCRIPTS":""},"dockerRepository":"projects/freshnote-6bee5/locations/us-central1/repositories/gcf-artifacts","sourceProvenance":{"resolvedStorageSource":{"bucket":"gcf-v2-sources-145087024032-us-central1","object":"getRefreshToken/function-source.zip","generation":"1737299094991608"}},"dockerRegistry":"ARTIFACT_REGISTRY","serviceAccount":"projects/freshnote-6bee5/serviceAccounts/145087024032-compute@developer.gserviceaccount.com","automaticUpdatePolicy":{}},"serviceConfig":{"service":"projects/freshnote-6bee5/locations/us-central1/services/getrefreshtoken","timeoutSeconds":60,"environmentVariables":{"FIREBASE_CONFIG":"{\"projectId\":\"freshnote-6bee5\",\"storageBucket\":\"freshnote-6bee5.appspot.com\",\"locationId\":\"asia-northeast3\"}","GCLOUD_PROJECT":"freshnote-6bee5","EVENTARC_CLOUD_EVENT_SOURCE":"projects/freshnote-6bee5/locations/us-central1/services/getRefreshToken","FUNCTION_TARGET":"getRefreshToken","LOG_EXECUTION_ID":"true"},"maxInstanceCount":100,"ingressSettings":"ALLOW_ALL","uri":"https://getrefreshtoken-3nl2pb2sla-uc.a.run.app","serviceAccountEmail":"145087024032-compute@developer.gserviceaccount.com","availableMemory":"256Mi","allTrafficOnLatestRevision":true,"revision":"getrefreshtoken-00001-wod","maxInstanceRequestConcurrency":80,"availableCpu":"1"},"state":"ACTIVE","updateTime":"2025-01-19T15:06:13.525000514Z","labels":{"deployment-tool":"cli-firebase","firebase-functions-hash":"ff3337992bbb59fc984d7b690da01b9c153e5ca1"},"environment":"GEN_2","url":"https://us-central1-freshnote-6bee5.cloudfunctions.net/getRefreshToken","createTime":"2025-01-19T15:04:55.279694621Z"},{"name":"projects/freshnote-6bee5/locations/us-central1/functions/revokeToken","buildConfig":{"build":"projects/145087024032/locations/us-central1/builds/af80b96e-1285-4e75-ae2b-87320260056a","runtime":"nodejs18","entryPoint":"revokeToken","source":{"storageSource":{"bucket":"gcf-v2-sources-145087024032-us-central1","object":"revokeToken/function-source.zip","generation":"1737299163013220"}},"environmentVariables":{"GOOGLE_NODE_RUN_SCRIPTS":""},"dockerRepository":"projects/freshnote-6bee5/locations/us-central1/repositories/gcf-artifacts","sourceProvenance":{"resolvedStorageSource":{"bucket":"gcf-v2-sources-145087024032-us-central1","object":"revokeToken/function-source.zip","generation":"1737299163013220"}},"dockerRegistry":"ARTIFACT_REGISTRY","serviceAccount":"projects/freshnote-6bee5/serviceAccounts/145087024032-compute@developer.gserviceaccount.com","automaticUpdatePolicy":{}},"serviceConfig":{"service":"projects/freshnote-6bee5/locations/us-central1/services/revoketoken","timeoutSeconds":60,"environmentVariables":{"FIREBASE_CONFIG":"{\"projectId\":\"freshnote-6bee5\",\"storageBucket\":\"freshnote-6bee5.appspot.com\",\"locationId\":\"asia-northeast3\"}","GCLOUD_PROJECT":"freshnote-6bee5","EVENTARC_CLOUD_EVENT_SOURCE":"projects/freshnote-6bee5/locations/us-central1/services/revokeToken","FUNCTION_TARGET":"revokeToken","LOG_EXECUTION_ID":"true","FUNCTION_SIGNATURE_TYPE":"http"},"maxInstanceCount":100,"ingressSettings":"ALLOW_ALL","uri":"https://revoketoken-3nl2pb2sla-uc.a.run.app","serviceAccountEmail":"145087024032-compute@developer.gserviceaccount.com","availableMemory":"256Mi","allTrafficOnLatestRevision":true,"revision":"revoketoken-00001-gib","maxInstanceRequestConcurrency":80,"availableCpu":"1"},"state":"ACTIVE","updateTime":"2025-01-19T15:06:18.198265436Z","labels":{"deployment-tool":"cli-firebase","firebase-functions-hash":"ff3337992bbb59fc984d7b690da01b9c153e5ca1"},"environment":"GEN_2","url":"https://us-central1-freshnote-6bee5.cloudfunctions.net/revokeToken","createTime":"2025-01-19T15:06:03.266450519Z"}]}
[info] i  functions: ensuring required API run.googleapis.com is enabled... 
[debug] [2025-01-19T15:06:47.523Z] Checked if tokens are valid: true, expires at: 1737300951624
[debug] [2025-01-19T15:06:47.523Z] Checked if tokens are valid: true, expires at: 1737300951624
[info] i  functions: ensuring required API eventarc.googleapis.com is enabled... 
[debug] [2025-01-19T15:06:47.524Z] Checked if tokens are valid: true, expires at: 1737300951624
[debug] [2025-01-19T15:06:47.524Z] Checked if tokens are valid: true, expires at: 1737300951624
[info] i  functions: ensuring required API pubsub.googleapis.com is enabled... 
[debug] [2025-01-19T15:06:47.524Z] Checked if tokens are valid: true, expires at: 1737300951624
[debug] [2025-01-19T15:06:47.524Z] Checked if tokens are valid: true, expires at: 1737300951624
[info] i  functions: ensuring required API storage.googleapis.com is enabled... 
[debug] [2025-01-19T15:06:47.525Z] Checked if tokens are valid: true, expires at: 1737300951624
[debug] [2025-01-19T15:06:47.525Z] Checked if tokens are valid: true, expires at: 1737300951624
[debug] [2025-01-19T15:06:47.525Z] >>> [apiv2][query] GET https://serviceusage.googleapis.com/v1/projects/freshnote-6bee5/services/run.googleapis.com [none]
[debug] [2025-01-19T15:06:47.525Z] >>> [apiv2][(partial)header] GET https://serviceusage.googleapis.com/v1/projects/freshnote-6bee5/services/run.googleapis.com x-goog-quota-user=projects/freshnote-6bee5
[debug] [2025-01-19T15:06:47.526Z] >>> [apiv2][query] GET https://serviceusage.googleapis.com/v1/projects/freshnote-6bee5/services/eventarc.googleapis.com [none]
[debug] [2025-01-19T15:06:47.526Z] >>> [apiv2][(partial)header] GET https://serviceusage.googleapis.com/v1/projects/freshnote-6bee5/services/eventarc.googleapis.com x-goog-quota-user=projects/freshnote-6bee5
[debug] [2025-01-19T15:06:47.527Z] >>> [apiv2][query] GET https://serviceusage.googleapis.com/v1/projects/freshnote-6bee5/services/pubsub.googleapis.com [none]
[debug] [2025-01-19T15:06:47.527Z] >>> [apiv2][(partial)header] GET https://serviceusage.googleapis.com/v1/projects/freshnote-6bee5/services/pubsub.googleapis.com x-goog-quota-user=projects/freshnote-6bee5
[debug] [2025-01-19T15:06:47.528Z] >>> [apiv2][query] GET https://serviceusage.googleapis.com/v1/projects/freshnote-6bee5/services/storage.googleapis.com [none]
[debug] [2025-01-19T15:06:47.528Z] >>> [apiv2][(partial)header] GET https://serviceusage.googleapis.com/v1/projects/freshnote-6bee5/services/storage.googleapis.com x-goog-quota-user=projects/freshnote-6bee5
[debug] [2025-01-19T15:06:48.500Z] <<< [apiv2][status] GET https://serviceusage.googleapis.com/v1/projects/freshnote-6bee5/services/run.googleapis.com 200
[debug] [2025-01-19T15:06:48.500Z] <<< [apiv2][body] GET https://serviceusage.googleapis.com/v1/projects/freshnote-6bee5/services/run.googleapis.com [omitted]
[info] ✔  functions: required API run.googleapis.com is enabled 
[debug] [2025-01-19T15:06:48.606Z] <<< [apiv2][status] GET https://serviceusage.googleapis.com/v1/projects/freshnote-6bee5/services/eventarc.googleapis.com 200
[debug] [2025-01-19T15:06:48.606Z] <<< [apiv2][body] GET https://serviceusage.googleapis.com/v1/projects/freshnote-6bee5/services/eventarc.googleapis.com [omitted]
[info] ✔  functions: required API eventarc.googleapis.com is enabled 
[debug] [2025-01-19T15:06:48.642Z] <<< [apiv2][status] GET https://serviceusage.googleapis.com/v1/projects/freshnote-6bee5/services/storage.googleapis.com 200
[debug] [2025-01-19T15:06:48.642Z] <<< [apiv2][body] GET https://serviceusage.googleapis.com/v1/projects/freshnote-6bee5/services/storage.googleapis.com [omitted]
[info] ✔  functions: required API storage.googleapis.com is enabled 
[debug] [2025-01-19T15:06:48.644Z] <<< [apiv2][status] GET https://serviceusage.googleapis.com/v1/projects/freshnote-6bee5/services/pubsub.googleapis.com 200
[debug] [2025-01-19T15:06:48.644Z] <<< [apiv2][body] GET https://serviceusage.googleapis.com/v1/projects/freshnote-6bee5/services/pubsub.googleapis.com [omitted]
[info] ✔  functions: required API pubsub.googleapis.com is enabled 
[info] i  functions: generating the service identity for pubsub.googleapis.com... 
[debug] [2025-01-19T15:06:48.644Z] Checked if tokens are valid: true, expires at: 1737300951624
[debug] [2025-01-19T15:06:48.644Z] Checked if tokens are valid: true, expires at: 1737300951624
[info] i  functions: generating the service identity for eventarc.googleapis.com... 
[debug] [2025-01-19T15:06:48.644Z] Checked if tokens are valid: true, expires at: 1737300951624
[debug] [2025-01-19T15:06:48.645Z] Checked if tokens are valid: true, expires at: 1737300951624
[debug] [2025-01-19T15:06:48.645Z] >>> [apiv2][query] POST https://serviceusage.googleapis.com/v1beta1/projects/145087024032/services/pubsub.googleapis.com:generateServiceIdentity [none]
[debug] [2025-01-19T15:06:48.645Z] >>> [apiv2][query] POST https://serviceusage.googleapis.com/v1beta1/projects/145087024032/services/eventarc.googleapis.com:generateServiceIdentity [none]
[debug] [2025-01-19T15:06:49.035Z] <<< [apiv2][status] POST https://serviceusage.googleapis.com/v1beta1/projects/145087024032/services/pubsub.googleapis.com:generateServiceIdentity 200
[debug] [2025-01-19T15:06:49.036Z] <<< [apiv2][body] POST https://serviceusage.googleapis.com/v1beta1/projects/145087024032/services/pubsub.googleapis.com:generateServiceIdentity {"name":"operations/finished.DONE_OPERATION","done":true,"response":{"@type":"type.googleapis.com/google.api.serviceusage.v1beta1.ServiceIdentity","email":"service-145087024032@gcp-sa-pubsub.iam.gserviceaccount.com","uniqueId":"111476659401763568179"}}
[debug] [2025-01-19T15:06:49.749Z] <<< [apiv2][status] POST https://serviceusage.googleapis.com/v1beta1/projects/145087024032/services/eventarc.googleapis.com:generateServiceIdentity 200
[debug] [2025-01-19T15:06:49.749Z] <<< [apiv2][body] POST https://serviceusage.googleapis.com/v1beta1/projects/145087024032/services/eventarc.googleapis.com:generateServiceIdentity {"name":"operations/finished.DONE_OPERATION","done":true,"response":{"@type":"type.googleapis.com/google.api.serviceusage.v1beta1.ServiceIdentity","email":"service-145087024032@gcp-sa-eventarc.iam.gserviceaccount.com","uniqueId":"111140369371514525949"}}
[debug] [2025-01-19T15:06:49.754Z] Checked if tokens are valid: true, expires at: 1737300951624
[debug] [2025-01-19T15:06:49.754Z] Checked if tokens are valid: true, expires at: 1737300951624
[debug] [2025-01-19T15:06:49.754Z] >>> [apiv2][query] GET https://firebase.googleapis.com/v1beta1/projects/freshnote-6bee5 [none]
[debug] [2025-01-19T15:06:50.272Z] <<< [apiv2][status] GET https://firebase.googleapis.com/v1beta1/projects/freshnote-6bee5 200
[debug] [2025-01-19T15:06:50.273Z] <<< [apiv2][body] GET https://firebase.googleapis.com/v1beta1/projects/freshnote-6bee5 {"projectId":"freshnote-6bee5","projectNumber":"145087024032","displayName":"FreshNote","name":"projects/freshnote-6bee5","resources":{"hostingSite":"freshnote-6bee5","storageBucket":"freshnote-6bee5.appspot.com","locationId":"asia-northeast3"},"state":"ACTIVE","etag":"1_2123897b-3cc0-4b0d-a022-d02682a98b8a"}
[debug] [2025-01-19T15:06:50.276Z] Checked if tokens are valid: true, expires at: 1737300951624
[debug] [2025-01-19T15:06:50.276Z] Checked if tokens are valid: true, expires at: 1737300951624
[debug] [2025-01-19T15:06:50.276Z] >>> [apiv2][query] GET https://cloudbilling.googleapis.com/v1/projects/freshnote-6bee5/billingInfo [none]
[debug] [2025-01-19T15:06:51.678Z] <<< [apiv2][status] GET https://cloudbilling.googleapis.com/v1/projects/freshnote-6bee5/billingInfo 200
[debug] [2025-01-19T15:06:51.679Z] <<< [apiv2][body] GET https://cloudbilling.googleapis.com/v1/projects/freshnote-6bee5/billingInfo {"name":"projects/freshnote-6bee5/billingInfo","projectId":"freshnote-6bee5","billingAccountName":"billingAccounts/0178BD-7C194F-C719D7","billingEnabled":true}
[debug] [2025-01-19T15:06:51.684Z] Checked if tokens are valid: true, expires at: 1737300951624
[debug] [2025-01-19T15:06:51.684Z] Checked if tokens are valid: true, expires at: 1737300951624
[debug] [2025-01-19T15:06:51.685Z] >>> [apiv2][query] POST https://cloudfunctions.googleapis.com/v2/projects/freshnote-6bee5/locations/us-central1/functions:generateUploadUrl [none]
[debug] [2025-01-19T15:06:52.904Z] <<< [apiv2][status] POST https://cloudfunctions.googleapis.com/v2/projects/freshnote-6bee5/locations/us-central1/functions:generateUploadUrl 200
[debug] [2025-01-19T15:06:52.904Z] <<< [apiv2][body] POST https://cloudfunctions.googleapis.com/v2/projects/freshnote-6bee5/locations/us-central1/functions:generateUploadUrl {"uploadUrl":"https://storage.googleapis.com/gcf-v2-uploads-145087024032.us-central1.cloudfunctions.appspot.com/0591a128-8ac3-4904-9047-ead317653255.zip?GoogleAccessId=service-145087024032@gcf-admin-robot.iam.gserviceaccount.com&Expires=1737301012&Signature=DJ5uqCFU5VQrMChahUJ5OlP%2BlkyLhPQvUeyVU0vPEzrRXAwchOkOiLbpBwCvInCD85DaQ5FBu3QjvFpi%2BhgMus5FZ4laHtjaauj7CuzfP4Jr3R8%2BBJZmV0tX5KjdfBcylvWK7icbTR4po8LqiybwtZitA5lps1bOMMzwGUONzJoeTVWrjoedpP%2F9dXTedUmdWrjYKYv7yiBTmd8h7KB2lt6%2BCyDCyBiZPrHIvJkLhJyBtilRKsJymByDg2JVqFSkj9MhxjmNujtKI%2BrRx0qRd5UsN%2FnZ1IKF3obQr9RAR9F18sG1izVQDokKxCf2Xe9ojnoV5og9IPX8P1BxTn%2By%2Fw%3D%3D","storageSource":{"bucket":"gcf-v2-uploads-145087024032.us-central1.cloudfunctions.appspot.com","object":"0591a128-8ac3-4904-9047-ead317653255.zip"}}
[debug] [2025-01-19T15:06:52.904Z] >>> [apiv2][query] PUT https://storage.googleapis.com/gcf-v2-uploads-145087024032.us-central1.cloudfunctions.appspot.com/0591a128-8ac3-4904-9047-ead317653255.zip GoogleAccessId=service-145087024032%40gcf-admin-robot.iam.gserviceaccount.com&Expires=1737301012&Signature=DJ5uqCFU5VQrMChahUJ5OlP%2BlkyLhPQvUeyVU0vPEzrRXAwchOkOiLbpBwCvInCD85DaQ5FBu3QjvFpi%2BhgMus5FZ4laHtjaauj7CuzfP4Jr3R8%2BBJZmV0tX5KjdfBcylvWK7icbTR4po8LqiybwtZitA5lps1bOMMzwGUONzJoeTVWrjoedpP%2F9dXTedUmdWrjYKYv7yiBTmd8h7KB2lt6%2BCyDCyBiZPrHIvJkLhJyBtilRKsJymByDg2JVqFSkj9MhxjmNujtKI%2BrRx0qRd5UsN%2FnZ1IKF3obQr9RAR9F18sG1izVQDokKxCf2Xe9ojnoV5og9IPX8P1BxTn%2By%2Fw%3D%3D
[debug] [2025-01-19T15:06:52.904Z] >>> [apiv2][body] PUT https://storage.googleapis.com/gcf-v2-uploads-145087024032.us-central1.cloudfunctions.appspot.com/0591a128-8ac3-4904-9047-ead317653255.zip [stream]
[debug] [2025-01-19T15:06:53.612Z] <<< [apiv2][status] PUT https://storage.googleapis.com/gcf-v2-uploads-145087024032.us-central1.cloudfunctions.appspot.com/0591a128-8ac3-4904-9047-ead317653255.zip 200
[debug] [2025-01-19T15:06:53.613Z] <<< [apiv2][body] PUT https://storage.googleapis.com/gcf-v2-uploads-145087024032.us-central1.cloudfunctions.appspot.com/0591a128-8ac3-4904-9047-ead317653255.zip [omitted]
[info] ✔  functions: functions folder uploaded successfully 
[info] i  functions: updating Node.js 18 (2nd Gen) function getRefreshToken(us-central1)... 
[info] i  functions: updating Node.js 18 (2nd Gen) function revokeToken(us-central1)... 
[debug] [2025-01-19T15:06:53.618Z] Checked if tokens are valid: true, expires at: 1737300951624
[debug] [2025-01-19T15:06:53.618Z] Checked if tokens are valid: true, expires at: 1737300951624
[debug] [2025-01-19T15:06:53.618Z] >>> [apiv2][query] PATCH https://cloudfunctions.googleapis.com/v2/projects/freshnote-6bee5/locations/us-central1/functions/getRefreshToken updateMask=name%2CbuildConfig.runtime%2CbuildConfig.entryPoint%2CbuildConfig.source.storageSource.bucket%2CbuildConfig.source.storageSource.object%2CbuildConfig.environmentVariables%2CbuildConfig.sourceToken%2CserviceConfig.environmentVariables%2CserviceConfig.ingressSettings%2CserviceConfig.timeoutSeconds%2CserviceConfig.serviceAccountEmail%2CserviceConfig.availableMemory%2CserviceConfig.minInstanceCount%2CserviceConfig.maxInstanceCount%2CserviceConfig.maxInstanceRequestConcurrency%2CserviceConfig.availableCpu%2CserviceConfig.vpcConnector%2CserviceConfig.vpcConnectorEgressSettings%2Clabels%2CbuildConfig.buildEnvironmentVariables
[debug] [2025-01-19T15:06:53.618Z] >>> [apiv2][body] PATCH https://cloudfunctions.googleapis.com/v2/projects/freshnote-6bee5/locations/us-central1/functions/getRefreshToken {"name":"projects/freshnote-6bee5/locations/us-central1/functions/getRefreshToken","buildConfig":{"runtime":"nodejs18","entryPoint":"getRefreshToken","source":{"storageSource":{"bucket":"gcf-v2-uploads-145087024032.us-central1.cloudfunctions.appspot.com","object":"0591a128-8ac3-4904-9047-ead317653255.zip"}},"environmentVariables":{"GOOGLE_NODE_RUN_SCRIPTS":""}},"serviceConfig":{"environmentVariables":{"FIREBASE_CONFIG":"{\"projectId\":\"freshnote-6bee5\",\"storageBucket\":\"freshnote-6bee5.appspot.com\",\"locationId\":\"asia-northeast3\"}","GCLOUD_PROJECT":"freshnote-6bee5","EVENTARC_CLOUD_EVENT_SOURCE":"projects/freshnote-6bee5/locations/us-central1/services/getRefreshToken","FUNCTION_TARGET":"getRefreshToken","LOG_EXECUTION_ID":"true"},"ingressSettings":null,"timeoutSeconds":null,"serviceAccountEmail":null,"availableMemory":"256Mi","minInstanceCount":null,"maxInstanceCount":null,"maxInstanceRequestConcurrency":80,"availableCpu":"1","vpcConnector":null,"vpcConnectorEgressSettings":null},"labels":{"deployment-tool":"cli-firebase","firebase-functions-hash":"61c53c10e3bda7fdefbda16c12c1838caa574842"}}
[debug] [2025-01-19T15:06:55.410Z] <<< [apiv2][status] PATCH https://cloudfunctions.googleapis.com/v2/projects/freshnote-6bee5/locations/us-central1/functions/getRefreshToken 200
[debug] [2025-01-19T15:06:55.410Z] <<< [apiv2][body] PATCH https://cloudfunctions.googleapis.com/v2/projects/freshnote-6bee5/locations/us-central1/functions/getRefreshToken {"name":"projects/freshnote-6bee5/locations/us-central1/operations/operation-1737299214678-62c107e8f3988-b6f7fe0a-cfae29d1","metadata":{"@type":"type.googleapis.com/google.cloud.functions.v2.OperationMetadata","createTime":"2025-01-19T15:06:55.343072415Z","target":"projects/freshnote-6bee5/locations/us-central1/functions/getRefreshToken","verb":"update","cancelRequested":false,"apiVersion":"v2"},"done":false}
[debug] [2025-01-19T15:06:55.411Z] Checked if tokens are valid: true, expires at: 1737300951624
[debug] [2025-01-19T15:06:55.411Z] Checked if tokens are valid: true, expires at: 1737300951624
[debug] [2025-01-19T15:06:55.411Z] >>> [apiv2][query] GET https://cloudfunctions.googleapis.com/v2/projects/freshnote-6bee5/locations/us-central1/operations/operation-1737299214678-62c107e8f3988-b6f7fe0a-cfae29d1 [none]
[debug] [2025-01-19T15:06:56.501Z] <<< [apiv2][status] GET https://cloudfunctions.googleapis.com/v2/projects/freshnote-6bee5/locations/us-central1/operations/operation-1737299214678-62c107e8f3988-b6f7fe0a-cfae29d1 200
[debug] [2025-01-19T15:06:56.502Z] <<< [apiv2][body] GET https://cloudfunctions.googleapis.com/v2/projects/freshnote-6bee5/locations/us-central1/operations/operation-1737299214678-62c107e8f3988-b6f7fe0a-cfae29d1 {"name":"projects/freshnote-6bee5/locations/us-central1/operations/operation-1737299214678-62c107e8f3988-b6f7fe0a-cfae29d1","metadata":{"@type":"type.googleapis.com/google.cloud.functions.v2.OperationMetadata","createTime":"2025-01-19T15:06:55.343072415Z","target":"projects/freshnote-6bee5/locations/us-central1/functions/getRefreshToken","verb":"update","cancelRequested":false,"apiVersion":"v2","requestResource":{"@type":"type.googleapis.com/google.cloud.functions.v2.Function","name":"projects/freshnote-6bee5/locations/us-central1/functions/getRefreshToken","buildConfig":{"runtime":"nodejs18","entryPoint":"getRefreshToken","source":{"storageSource":{"bucket":"gcf-v2-sources-145087024032-us-central1","object":"getRefreshToken/function-source.zip","generation":"1737299215276884"}},"environmentVariables":{"GOOGLE_NODE_RUN_SCRIPTS":""},"dockerRepository":"projects/freshnote-6bee5/locations/us-central1/repositories/gcf-artifacts","sourceProvenance":{"resolvedStorageSource":{"bucket":"gcf-v2-sources-145087024032-us-central1","object":"getRefreshToken/function-source.zip","generation":"1737299094991608"}},"dockerRegistry":"ARTIFACT_REGISTRY","serviceAccount":"projects/freshnote-6bee5/serviceAccounts/145087024032-compute@developer.gserviceaccount.com","automaticUpdatePolicy":{}},"serviceConfig":{"service":"projects/freshnote-6bee5/locations/us-central1/services/getrefreshtoken","timeoutSeconds":60,"environmentVariables":{"FIREBASE_CONFIG":"{\"projectId\":\"freshnote-6bee5\",\"storageBucket\":\"freshnote-6bee5.appspot.com\",\"locationId\":\"asia-northeast3\"}","GCLOUD_PROJECT":"freshnote-6bee5","EVENTARC_CLOUD_EVENT_SOURCE":"projects/freshnote-6bee5/locations/us-central1/services/getRefreshToken","FUNCTION_TARGET":"getRefreshToken","LOG_EXECUTION_ID":"true"},"ingressSettings":"ALLOW_ALL","uri":"https://getrefreshtoken-3nl2pb2sla-uc.a.run.app","serviceAccountEmail":"145087024032-compute@developer.gserviceaccount.com","availableMemory":"256Mi","allTrafficOnLatestRevision":true,"revision":"getrefreshtoken-00001-wod","maxInstanceRequestConcurrency":80,"availableCpu":"1"},"state":"ACTIVE","labels":{"deployment-tool":"cli-firebase","firebase-functions-hash":"61c53c10e3bda7fdefbda16c12c1838caa574842"},"environment":"GEN_2","url":"https://us-central1-freshnote-6bee5.cloudfunctions.net/getRefreshToken"},"stages":[{"name":"BUILD","message":"Build in progress","state":"IN_PROGRESS","resource":"projects/145087024032/locations/us-central1/builds/e3132546-fa43-4d73-ac70-17145cc23387","resourceUri":"https://console.cloud.google.com/cloud-build/builds;region=us-central1/e3132546-fa43-4d73-ac70-17145cc23387?project=145087024032"},{"name":"SERVICE","state":"NOT_STARTED"}],"operationType":"UPDATE_FUNCTION","buildName":"projects/145087024032/locations/us-central1/builds/e3132546-fa43-4d73-ac70-17145cc23387"},"done":false}
[debug] [2025-01-19T15:06:57.004Z] [update-default-us-central1-getRefreshToken] Retrying task index 0
[debug] [2025-01-19T15:06:57.004Z] Checked if tokens are valid: true, expires at: 1737300951624
[debug] [2025-01-19T15:06:57.004Z] Checked if tokens are valid: true, expires at: 1737300951624
[debug] [2025-01-19T15:06:57.004Z] >>> [apiv2][query] GET https://cloudfunctions.googleapis.com/v2/projects/freshnote-6bee5/locations/us-central1/operations/operation-1737299214678-62c107e8f3988-b6f7fe0a-cfae29d1 [none]
[debug] [2025-01-19T15:06:58.105Z] <<< [apiv2][status] GET https://cloudfunctions.googleapis.com/v2/projects/freshnote-6bee5/locations/us-central1/operations/operation-1737299214678-62c107e8f3988-b6f7fe0a-cfae29d1 200
[debug] [2025-01-19T15:06:58.105Z] <<< [apiv2][body] GET https://cloudfunctions.googleapis.com/v2/projects/freshnote-6bee5/locations/us-central1/operations/operation-1737299214678-62c107e8f3988-b6f7fe0a-cfae29d1 {"name":"projects/freshnote-6bee5/locations/us-central1/operations/operation-1737299214678-62c107e8f3988-b6f7fe0a-cfae29d1","metadata":{"@type":"type.googleapis.com/google.cloud.functions.v2.OperationMetadata","createTime":"2025-01-19T15:06:55.343072415Z","target":"projects/freshnote-6bee5/locations/us-central1/functions/getRefreshToken","verb":"update","cancelRequested":false,"apiVersion":"v2","requestResource":{"@type":"type.googleapis.com/google.cloud.functions.v2.Function","name":"projects/freshnote-6bee5/locations/us-central1/functions/getRefreshToken","buildConfig":{"runtime":"nodejs18","entryPoint":"getRefreshToken","source":{"storageSource":{"bucket":"gcf-v2-sources-145087024032-us-central1","object":"getRefreshToken/function-source.zip","generation":"1737299215276884"}},"environmentVariables":{"GOOGLE_NODE_RUN_SCRIPTS":""},"dockerRepository":"projects/freshnote-6bee5/locations/us-central1/repositories/gcf-artifacts","sourceProvenance":{"resolvedStorageSource":{"bucket":"gcf-v2-sources-145087024032-us-central1","object":"getRefreshToken/function-source.zip","generation":"1737299094991608"}},"dockerRegistry":"ARTIFACT_REGISTRY","serviceAccount":"projects/freshnote-6bee5/serviceAccounts/145087024032-compute@developer.gserviceaccount.com","automaticUpdatePolicy":{}},"serviceConfig":{"service":"projects/freshnote-6bee5/locations/us-central1/services/getrefreshtoken","timeoutSeconds":60,"environmentVariables":{"FIREBASE_CONFIG":"{\"projectId\":\"freshnote-6bee5\",\"storageBucket\":\"freshnote-6bee5.appspot.com\",\"locationId\":\"asia-northeast3\"}","GCLOUD_PROJECT":"freshnote-6bee5","EVENTARC_CLOUD_EVENT_SOURCE":"projects/freshnote-6bee5/locations/us-central1/services/getRefreshToken","FUNCTION_TARGET":"getRefreshToken","LOG_EXECUTION_ID":"true"},"ingressSettings":"ALLOW_ALL","uri":"https://getrefreshtoken-3nl2pb2sla-uc.a.run.app","serviceAccountEmail":"145087024032-compute@developer.gserviceaccount.com","availableMemory":"256Mi","allTrafficOnLatestRevision":true,"revision":"getrefreshtoken-00001-wod","maxInstanceRequestConcurrency":80,"availableCpu":"1"},"state":"ACTIVE","labels":{"deployment-tool":"cli-firebase","firebase-functions-hash":"61c53c10e3bda7fdefbda16c12c1838caa574842"},"environment":"GEN_2","url":"https://us-central1-freshnote-6bee5.cloudfunctions.net/getRefreshToken"},"stages":[{"name":"BUILD","message":"Build in progress","state":"IN_PROGRESS","resource":"projects/145087024032/locations/us-central1/builds/e3132546-fa43-4d73-ac70-17145cc23387","resourceUri":"https://console.cloud.google.com/cloud-build/builds;region=us-central1/e3132546-fa43-4d73-ac70-17145cc23387?project=145087024032"},{"name":"SERVICE","state":"NOT_STARTED"}],"operationType":"UPDATE_FUNCTION","buildName":"projects/145087024032/locations/us-central1/builds/e3132546-fa43-4d73-ac70-17145cc23387"},"done":false}
[debug] [2025-01-19T15:06:59.106Z] [update-default-us-central1-getRefreshToken] Retrying task index 0
[debug] [2025-01-19T15:06:59.106Z] Checked if tokens are valid: true, expires at: 1737300951624
[debug] [2025-01-19T15:06:59.106Z] Checked if tokens are valid: true, expires at: 1737300951624
[debug] [2025-01-19T15:06:59.106Z] >>> [apiv2][query] GET https://cloudfunctions.googleapis.com/v2/projects/freshnote-6bee5/locations/us-central1/operations/operation-1737299214678-62c107e8f3988-b6f7fe0a-cfae29d1 [none]
